

Started GET "/" for ::1 at 2016-05-25 15:20:26 -0500
Processing by Rails::WelcomeController#index as HTML
  Rendered /Users/mpaa/.rvm/gems/ruby-2.2.1/gems/railties-4.2.1/lib/rails/templates/rails/welcome/index.html.erb (1.8ms)
Completed 200 OK in 45ms (Views: 25.6ms | ActiveRecord: 0.0ms)


Started GET "/" for ::1 at 2016-05-25 15:41:03 -0500

ActiveRecord::PendingMigrationError (

Migrations are pending. To resolve this issue, run:

	bin/rake db:migrate RAILS_ENV=development

):
  activerecord (4.2.1) lib/active_record/migration.rb:393:in `check_pending!'
  activerecord (4.2.1) lib/active_record/migration.rb:374:in `call'
  actionpack (4.2.1) lib/action_dispatch/middleware/callbacks.rb:29:in `block in call'
  activesupport (4.2.1) lib/active_support/callbacks.rb:88:in `call'
  activesupport (4.2.1) lib/active_support/callbacks.rb:88:in `_run_callbacks'
  activesupport (4.2.1) lib/active_support/callbacks.rb:776:in `_run_call_callbacks'
  activesupport (4.2.1) lib/active_support/callbacks.rb:81:in `run_callbacks'
  actionpack (4.2.1) lib/action_dispatch/middleware/callbacks.rb:27:in `call'
  actionpack (4.2.1) lib/action_dispatch/middleware/reloader.rb:73:in `call'
  actionpack (4.2.1) lib/action_dispatch/middleware/remote_ip.rb:78:in `call'
  actionpack (4.2.1) lib/action_dispatch/middleware/debug_exceptions.rb:17:in `call'
  web-console (2.1.2) lib/web_console/middleware.rb:37:in `call'
  actionpack (4.2.1) lib/action_dispatch/middleware/show_exceptions.rb:30:in `call'
  railties (4.2.1) lib/rails/rack/logger.rb:38:in `call_app'
  railties (4.2.1) lib/rails/rack/logger.rb:20:in `block in call'
  activesupport (4.2.1) lib/active_support/tagged_logging.rb:68:in `block in tagged'
  activesupport (4.2.1) lib/active_support/tagged_logging.rb:26:in `tagged'
  activesupport (4.2.1) lib/active_support/tagged_logging.rb:68:in `tagged'
  railties (4.2.1) lib/rails/rack/logger.rb:20:in `call'
  actionpack (4.2.1) lib/action_dispatch/middleware/request_id.rb:21:in `call'
  rack (1.6.0) lib/rack/methodoverride.rb:22:in `call'
  rack (1.6.0) lib/rack/runtime.rb:18:in `call'
  activesupport (4.2.1) lib/active_support/cache/strategy/local_cache_middleware.rb:28:in `call'
  rack (1.6.0) lib/rack/lock.rb:17:in `call'
  actionpack (4.2.1) lib/action_dispatch/middleware/static.rb:113:in `call'
  rack (1.6.0) lib/rack/sendfile.rb:113:in `call'
  railties (4.2.1) lib/rails/engine.rb:518:in `call'
  railties (4.2.1) lib/rails/application.rb:164:in `call'
  rack (1.6.0) lib/rack/lock.rb:17:in `call'
  rack (1.6.0) lib/rack/content_length.rb:15:in `call'
  rack (1.6.0) lib/rack/handler/webrick.rb:89:in `service'
  /Users/mpaa/.rvm/rubies/ruby-2.2.1/lib/ruby/2.2.0/webrick/httpserver.rb:138:in `service'
  /Users/mpaa/.rvm/rubies/ruby-2.2.1/lib/ruby/2.2.0/webrick/httpserver.rb:94:in `run'
  /Users/mpaa/.rvm/rubies/ruby-2.2.1/lib/ruby/2.2.0/webrick/server.rb:294:in `block in start_thread'


  Rendered /Users/mpaa/.rvm/gems/ruby-2.2.1/gems/actionpack-4.2.1/lib/action_dispatch/middleware/templates/rescues/_source.erb (2.9ms)
  Rendered /Users/mpaa/.rvm/gems/ruby-2.2.1/gems/actionpack-4.2.1/lib/action_dispatch/middleware/templates/rescues/_trace.html.erb (2.2ms)
  Rendered /Users/mpaa/.rvm/gems/ruby-2.2.1/gems/actionpack-4.2.1/lib/action_dispatch/middleware/templates/rescues/_request_and_response.html.erb (1.2ms)
  Rendered /Users/mpaa/.rvm/gems/ruby-2.2.1/gems/actionpack-4.2.1/lib/action_dispatch/middleware/templates/rescues/diagnostics.html.erb within rescues/layout (67.3ms)
  Rendered /Users/mpaa/.rvm/gems/ruby-2.2.1/gems/web-console-2.1.2/lib/web_console/templates/_markup.html.erb (0.5ms)
  Rendered /Users/mpaa/.rvm/gems/ruby-2.2.1/gems/web-console-2.1.2/lib/web_console/templates/style.css.erb within layouts/inlined_string (0.4ms)
  Rendered /Users/mpaa/.rvm/gems/ruby-2.2.1/gems/web-console-2.1.2/lib/web_console/templates/_inner_console_markup.html.erb within layouts/inlined_string (0.4ms)
  Rendered /Users/mpaa/.rvm/gems/ruby-2.2.1/gems/web-console-2.1.2/lib/web_console/templates/_prompt_box_markup.html.erb within layouts/inlined_string (0.4ms)
  Rendered /Users/mpaa/.rvm/gems/ruby-2.2.1/gems/web-console-2.1.2/lib/web_console/templates/console.js.erb within layouts/javascript (59.0ms)
  Rendered /Users/mpaa/.rvm/gems/ruby-2.2.1/gems/web-console-2.1.2/lib/web_console/templates/main.js.erb within layouts/javascript (0.4ms)
  Rendered /Users/mpaa/.rvm/gems/ruby-2.2.1/gems/web-console-2.1.2/lib/web_console/templates/error_page.js.erb within layouts/javascript (0.6ms)
  Rendered /Users/mpaa/.rvm/gems/ruby-2.2.1/gems/web-console-2.1.2/lib/web_console/templates/index.html.erb (134.4ms)
  [1m[36m (1.7ms)[0m  [1mCREATE TABLE "schema_migrations" ("version" varchar NOT NULL) [0m
  [1m[35m (11.2ms)[0m  select sqlite_version(*)
  [1m[36m (1.2ms)[0m  [1mCREATE UNIQUE INDEX "unique_schema_migrations" ON "schema_migrations" ("version")[0m
  [1m[35mActiveRecord::SchemaMigration Load (0.1ms)[0m  SELECT "schema_migrations".* FROM "schema_migrations"
Migrating to CreatePosts (20160525202151)
  [1m[36mActiveRecord::SchemaMigration Load (0.1ms)[0m  [1mSELECT "schema_migrations".* FROM "schema_migrations"[0m
Migrating to CreatePosts (20160525202151)
  [1m[35m (0.1ms)[0m  begin transaction
  [1m[36m (69.0ms)[0m  [1mCREATE TABLE "posts" ("id" INTEGER PRIMARY KEY AUTOINCREMENT NOT NULL, "comment" varchar, "created_at" datetime NOT NULL, "updated_at" datetime NOT NULL) [0m
  [1m[35mSQL (0.3ms)[0m  INSERT INTO "schema_migrations" ("version") VALUES (?)  [["version", "20160525202151"]]
  [1m[36m (1.3ms)[0m  [1mcommit transaction[0m
  [1m[35mActiveRecord::SchemaMigration Load (0.1ms)[0m  SELECT "schema_migrations".* FROM "schema_migrations"
  [1m[36m (0.1ms)[0m  [1mbegin transaction[0m
  [1m[35mSQL (24.7ms)[0m  INSERT INTO "posts" ("comment", "created_at", "updated_at") VALUES (?, ?, ?)  [["comment", "Hello there!"], ["created_at", "2016-05-25 20:52:24.807596"], ["updated_at", "2016-05-25 20:52:24.807596"]]
  [1m[36m (1.3ms)[0m  [1mcommit transaction[0m


Started GET "/" for ::1 at 2016-05-25 15:54:30 -0500
  [1m[36mActiveRecord::SchemaMigration Load (0.5ms)[0m  [1mSELECT "schema_migrations".* FROM "schema_migrations"[0m
Processing by PostsController#index as HTML
  Rendered posts/index.html.erb within layouts/application (1.6ms)
Completed 200 OK in 4309ms (Views: 4220.9ms | ActiveRecord: 0.8ms)


Started GET "/assets/posts.self-e3b0c44298fc1c149afbf4c8996fb92427ae41e4649b934ca495991b7852b855.css?body=1" for ::1 at 2016-05-25 15:54:35 -0500


Started GET "/assets/application.self-e80e8f2318043e8af94dddc2adad5a4f09739a8ebb323b3ab31cd71d45fd9113.css?body=1" for ::1 at 2016-05-25 15:54:35 -0500


Started GET "/assets/turbolinks.self-c37727e9bd6b2735da5c311aa83fead54ed0be6cc8bd9a65309e9c5abe2cbfff.js?body=1" for ::1 at 2016-05-25 15:54:35 -0500


Started GET "/assets/application.self-3b8dabdc891efe46b9a144b400ad69e37d7e5876bdc39dee783419a69d7ca819.js?body=1" for ::1 at 2016-05-25 15:54:35 -0500


Started GET "/assets/jquery.self-d03a5518f45df77341bdbe6201ba3bfa547ebba8ed64f0ea56bfa5f96ea7c074.js?body=1" for ::1 at 2016-05-25 15:54:35 -0500


Started GET "/assets/posts.self-877aef30ae1b040ab8a3aba4e3e309a11d7f2612f44dde450b5c157aa5f95c05.js?body=1" for ::1 at 2016-05-25 15:54:35 -0500


Started GET "/assets/jquery_ujs.self-8e98a7a072a6cee1372d19fff9ff3e6aa1e39a37d89d6f06861637d061113ee7.js?body=1" for ::1 at 2016-05-25 15:54:35 -0500


Started GET "/" for ::1 at 2016-05-25 15:54:38 -0500
Processing by PostsController#index as HTML
  Rendered posts/index.html.erb within layouts/application (0.1ms)
Completed 200 OK in 72ms (Views: 70.9ms | ActiveRecord: 0.0ms)


Started GET "/" for ::1 at 2016-05-25 16:09:38 -0500
  [1m[36mActiveRecord::SchemaMigration Load (0.4ms)[0m  [1mSELECT "schema_migrations".* FROM "schema_migrations"[0m
Processing by PostsController#index as HTML
  Rendered posts/index.html.erb within layouts/application (6.4ms)
Completed 500 Internal Server Error in 172ms (ActiveRecord: 0.3ms)

ActionView::Template::Error (undefined method `each' for nil:NilClass):
    12: 		</div>
    13: 
    14: 		<ul class="comments" id="comments">
    15: 			<% @post.each do |p| %>
    16: 				<li><%= p.comment %></li>
    17: 			<% end %>
    18: 		</ul>
  app/views/posts/index.html.erb:15:in `_app_views_posts_index_html_erb___3737372957166000061_70234705346740'


  Rendered /Users/mpaa/.rvm/gems/ruby-2.2.1/gems/actionpack-4.2.1/lib/action_dispatch/middleware/templates/rescues/_source.erb (8.0ms)
  Rendered /Users/mpaa/.rvm/gems/ruby-2.2.1/gems/actionpack-4.2.1/lib/action_dispatch/middleware/templates/rescues/_trace.html.erb (3.7ms)
  Rendered /Users/mpaa/.rvm/gems/ruby-2.2.1/gems/actionpack-4.2.1/lib/action_dispatch/middleware/templates/rescues/_request_and_response.html.erb (1.0ms)
  Rendered /Users/mpaa/.rvm/gems/ruby-2.2.1/gems/actionpack-4.2.1/lib/action_dispatch/middleware/templates/rescues/template_error.html.erb within rescues/layout (74.1ms)
  Rendered /Users/mpaa/.rvm/gems/ruby-2.2.1/gems/web-console-2.1.2/lib/web_console/templates/_markup.html.erb (0.6ms)
  Rendered /Users/mpaa/.rvm/gems/ruby-2.2.1/gems/web-console-2.1.2/lib/web_console/templates/style.css.erb within layouts/inlined_string (0.4ms)
  Rendered /Users/mpaa/.rvm/gems/ruby-2.2.1/gems/web-console-2.1.2/lib/web_console/templates/_inner_console_markup.html.erb within layouts/inlined_string (0.4ms)
  Rendered /Users/mpaa/.rvm/gems/ruby-2.2.1/gems/web-console-2.1.2/lib/web_console/templates/_prompt_box_markup.html.erb within layouts/inlined_string (0.4ms)
  Rendered /Users/mpaa/.rvm/gems/ruby-2.2.1/gems/web-console-2.1.2/lib/web_console/templates/console.js.erb within layouts/javascript (58.7ms)
  Rendered /Users/mpaa/.rvm/gems/ruby-2.2.1/gems/web-console-2.1.2/lib/web_console/templates/main.js.erb within layouts/javascript (0.4ms)
  Rendered /Users/mpaa/.rvm/gems/ruby-2.2.1/gems/web-console-2.1.2/lib/web_console/templates/error_page.js.erb within layouts/javascript (0.5ms)
  Rendered /Users/mpaa/.rvm/gems/ruby-2.2.1/gems/web-console-2.1.2/lib/web_console/templates/index.html.erb (154.4ms)


Started GET "/" for ::1 at 2016-05-25 16:10:22 -0500
  [1m[36mActiveRecord::SchemaMigration Load (0.4ms)[0m  [1mSELECT "schema_migrations".* FROM "schema_migrations"[0m
Processing by PostsController#index as HTML
  [1m[35mPost Load (0.4ms)[0m  SELECT "posts".* FROM "posts"
  Rendered posts/index.html.erb within layouts/application (2.7ms)
Completed 200 OK in 521ms (Views: 467.9ms | ActiveRecord: 0.9ms)


Started GET "/assets/posts.self-e3b0c44298fc1c149afbf4c8996fb92427ae41e4649b934ca495991b7852b855.css?body=1" for ::1 at 2016-05-25 16:10:23 -0500


Started GET "/assets/jquery.self-d03a5518f45df77341bdbe6201ba3bfa547ebba8ed64f0ea56bfa5f96ea7c074.js?body=1" for ::1 at 2016-05-25 16:10:23 -0500


Started GET "/assets/application.self-e80e8f2318043e8af94dddc2adad5a4f09739a8ebb323b3ab31cd71d45fd9113.css?body=1" for ::1 at 2016-05-25 16:10:23 -0500


Started GET "/assets/jquery_ujs.self-8e98a7a072a6cee1372d19fff9ff3e6aa1e39a37d89d6f06861637d061113ee7.js?body=1" for ::1 at 2016-05-25 16:10:23 -0500


Started GET "/assets/turbolinks.self-c37727e9bd6b2735da5c311aa83fead54ed0be6cc8bd9a65309e9c5abe2cbfff.js?body=1" for ::1 at 2016-05-25 16:10:23 -0500


Started GET "/assets/application.self-3b8dabdc891efe46b9a144b400ad69e37d7e5876bdc39dee783419a69d7ca819.js?body=1" for ::1 at 2016-05-25 16:10:23 -0500


Started GET "/assets/posts.self-877aef30ae1b040ab8a3aba4e3e309a11d7f2612f44dde450b5c157aa5f95c05.js?body=1" for ::1 at 2016-05-25 16:10:23 -0500


Started GET "/" for ::1 at 2016-05-25 16:19:23 -0500
Processing by PostsController#index as HTML
  [1m[36mPost Load (0.9ms)[0m  [1mSELECT "posts".* FROM "posts"[0m
  Rendered posts/index.html.erb within layouts/application (17.5ms)
Completed 200 OK in 229ms (Views: 219.6ms | ActiveRecord: 0.9ms)


Started GET "/assets/application.self-e80e8f2318043e8af94dddc2adad5a4f09739a8ebb323b3ab31cd71d45fd9113.css?body=1" for ::1 at 2016-05-25 16:19:24 -0500


Started GET "/assets/jquery.self-d03a5518f45df77341bdbe6201ba3bfa547ebba8ed64f0ea56bfa5f96ea7c074.js?body=1" for ::1 at 2016-05-25 16:19:24 -0500


Started GET "/assets/posts.self-e3b0c44298fc1c149afbf4c8996fb92427ae41e4649b934ca495991b7852b855.css?body=1" for ::1 at 2016-05-25 16:19:24 -0500


Started GET "/assets/application.self-3b8dabdc891efe46b9a144b400ad69e37d7e5876bdc39dee783419a69d7ca819.js?body=1" for ::1 at 2016-05-25 16:19:24 -0500


Started GET "/assets/jquery_ujs.self-8e98a7a072a6cee1372d19fff9ff3e6aa1e39a37d89d6f06861637d061113ee7.js?body=1" for ::1 at 2016-05-25 16:19:24 -0500


Started GET "/assets/turbolinks.self-c37727e9bd6b2735da5c311aa83fead54ed0be6cc8bd9a65309e9c5abe2cbfff.js?body=1" for ::1 at 2016-05-25 16:19:24 -0500


Started GET "/assets/posts.self-877aef30ae1b040ab8a3aba4e3e309a11d7f2612f44dde450b5c157aa5f95c05.js?body=1" for ::1 at 2016-05-25 16:19:24 -0500


Started GET "/" for ::1 at 2016-05-25 17:19:29 -0500
Processing by PostsController#index as HTML
  [1m[35mPost Load (21.0ms)[0m  SELECT "posts".* FROM "posts"
  Rendered posts/index.html.erb within layouts/application (138.1ms)
Completed 500 Internal Server Error in 164ms (ActiveRecord: 22.1ms)

ActionView::Template::Error (undefined method `ftext_field' for #<#<Class:0x007fbfe6182538>:0x007fbfe6180e18>):
    3: 		<div class="row">
    4: 			<%= form_for(@new_post) do |f| %>
    5: 				<div class="col-xs-8 col-md-10">
    6: 					<%= ftext_field :comment, :placeholder =>"Share your thoughts" %>
    7: 				</div>
    8: 				<div class="col-xs-4 col-md-2">
    9: 				<%= f.submit :post, :class => "btn" %>
  app/views/posts/index.html.erb:6:in `block in _app_views_posts_index_html_erb___3649146761741335044_70231049170920'
  app/views/posts/index.html.erb:4:in `_app_views_posts_index_html_erb___3649146761741335044_70231049170920'


  Rendered /Users/mpaa/.rvm/gems/ruby-2.2.1/gems/actionpack-4.2.1/lib/action_dispatch/middleware/templates/rescues/_source.erb (9.6ms)
  Rendered /Users/mpaa/.rvm/gems/ruby-2.2.1/gems/actionpack-4.2.1/lib/action_dispatch/middleware/templates/rescues/_trace.html.erb (4.7ms)
  Rendered /Users/mpaa/.rvm/gems/ruby-2.2.1/gems/actionpack-4.2.1/lib/action_dispatch/middleware/templates/rescues/_request_and_response.html.erb (1.1ms)
  Rendered /Users/mpaa/.rvm/gems/ruby-2.2.1/gems/actionpack-4.2.1/lib/action_dispatch/middleware/templates/rescues/template_error.html.erb within rescues/layout (74.3ms)
  Rendered /Users/mpaa/.rvm/gems/ruby-2.2.1/gems/web-console-2.1.2/lib/web_console/templates/_markup.html.erb (0.6ms)
  Rendered /Users/mpaa/.rvm/gems/ruby-2.2.1/gems/web-console-2.1.2/lib/web_console/templates/style.css.erb within layouts/inlined_string (0.5ms)
  Rendered /Users/mpaa/.rvm/gems/ruby-2.2.1/gems/web-console-2.1.2/lib/web_console/templates/_inner_console_markup.html.erb within layouts/inlined_string (0.4ms)
  Rendered /Users/mpaa/.rvm/gems/ruby-2.2.1/gems/web-console-2.1.2/lib/web_console/templates/_prompt_box_markup.html.erb within layouts/inlined_string (0.4ms)
  Rendered /Users/mpaa/.rvm/gems/ruby-2.2.1/gems/web-console-2.1.2/lib/web_console/templates/console.js.erb within layouts/javascript (72.5ms)
  Rendered /Users/mpaa/.rvm/gems/ruby-2.2.1/gems/web-console-2.1.2/lib/web_console/templates/main.js.erb within layouts/javascript (0.5ms)
  Rendered /Users/mpaa/.rvm/gems/ruby-2.2.1/gems/web-console-2.1.2/lib/web_console/templates/error_page.js.erb within layouts/javascript (0.6ms)
  Rendered /Users/mpaa/.rvm/gems/ruby-2.2.1/gems/web-console-2.1.2/lib/web_console/templates/index.html.erb (262.4ms)


Started GET "/" for ::1 at 2016-05-25 17:19:55 -0500
Processing by PostsController#index as HTML
  [1m[36mPost Load (0.9ms)[0m  [1mSELECT "posts".* FROM "posts"[0m
  Rendered posts/index.html.erb within layouts/application (77.3ms)
Completed 200 OK in 269ms (Views: 259.7ms | ActiveRecord: 0.9ms)


Started GET "/assets/application.self-e80e8f2318043e8af94dddc2adad5a4f09739a8ebb323b3ab31cd71d45fd9113.css?body=1" for ::1 at 2016-05-25 17:19:56 -0500


Started GET "/assets/turbolinks.self-c37727e9bd6b2735da5c311aa83fead54ed0be6cc8bd9a65309e9c5abe2cbfff.js?body=1" for ::1 at 2016-05-25 17:19:56 -0500


Started GET "/assets/jquery.self-d03a5518f45df77341bdbe6201ba3bfa547ebba8ed64f0ea56bfa5f96ea7c074.js?body=1" for ::1 at 2016-05-25 17:19:56 -0500


Started GET "/assets/posts.self-e3b0c44298fc1c149afbf4c8996fb92427ae41e4649b934ca495991b7852b855.css?body=1" for ::1 at 2016-05-25 17:19:56 -0500


Started GET "/assets/jquery_ujs.self-8e98a7a072a6cee1372d19fff9ff3e6aa1e39a37d89d6f06861637d061113ee7.js?body=1" for ::1 at 2016-05-25 17:19:56 -0500


Started GET "/assets/posts.self-877aef30ae1b040ab8a3aba4e3e309a11d7f2612f44dde450b5c157aa5f95c05.js?body=1" for ::1 at 2016-05-25 17:19:56 -0500


Started GET "/assets/application.self-3b8dabdc891efe46b9a144b400ad69e37d7e5876bdc39dee783419a69d7ca819.js?body=1" for ::1 at 2016-05-25 17:19:56 -0500


Started GET "/" for ::1 at 2016-05-25 17:21:14 -0500
Processing by PostsController#index as HTML
  [1m[35mPost Load (0.7ms)[0m  SELECT "posts".* FROM "posts"
  Rendered posts/index.html.erb within layouts/application (15.4ms)
Completed 200 OK in 188ms (Views: 179.2ms | ActiveRecord: 0.7ms)


Started GET "/assets/posts.self-e3b0c44298fc1c149afbf4c8996fb92427ae41e4649b934ca495991b7852b855.css?body=1" for ::1 at 2016-05-25 17:21:14 -0500


Started GET "/assets/application.self-e80e8f2318043e8af94dddc2adad5a4f09739a8ebb323b3ab31cd71d45fd9113.css?body=1" for ::1 at 2016-05-25 17:21:14 -0500


Started GET "/assets/jquery.self-d03a5518f45df77341bdbe6201ba3bfa547ebba8ed64f0ea56bfa5f96ea7c074.js?body=1" for ::1 at 2016-05-25 17:21:14 -0500


Started GET "/assets/turbolinks.self-c37727e9bd6b2735da5c311aa83fead54ed0be6cc8bd9a65309e9c5abe2cbfff.js?body=1" for ::1 at 2016-05-25 17:21:14 -0500


Started GET "/assets/jquery_ujs.self-8e98a7a072a6cee1372d19fff9ff3e6aa1e39a37d89d6f06861637d061113ee7.js?body=1" for ::1 at 2016-05-25 17:21:14 -0500


Started GET "/assets/posts.self-877aef30ae1b040ab8a3aba4e3e309a11d7f2612f44dde450b5c157aa5f95c05.js?body=1" for ::1 at 2016-05-25 17:21:14 -0500


Started GET "/assets/application.self-3b8dabdc891efe46b9a144b400ad69e37d7e5876bdc39dee783419a69d7ca819.js?body=1" for ::1 at 2016-05-25 17:21:14 -0500


Started POST "/posts" for ::1 at 2016-05-25 17:21:52 -0500
Processing by PostsController#create as HTML
  Parameters: {"utf8"=>"✓", "authenticity_token"=>"bX2AxpHWt4QomMrO6C8/eSjsecftLL5juEroS31UnwblMHQC6LG2LCI0SxvoP4DfAu4kIjwycDV5CkQPsUKGlw==", "post"=>{"comment"=>"Hola"}, "commit"=>"post"}
  [1m[36m (0.3ms)[0m  [1mbegin transaction[0m
  [1m[35mSQL (50.6ms)[0m  INSERT INTO "posts" ("comment", "created_at", "updated_at") VALUES (?, ?, ?)  [["comment", "Hola"], ["created_at", "2016-05-25 22:21:52.604706"], ["updated_at", "2016-05-25 22:21:52.604706"]]
  [1m[36m (11.4ms)[0m  [1mcommit transaction[0m
Redirected to http://localhost:3000/
Completed 302 Found in 129ms (ActiveRecord: 62.3ms)


Started GET "/" for ::1 at 2016-05-25 17:21:52 -0500
Processing by PostsController#index as HTML
  [1m[35mPost Load (0.2ms)[0m  SELECT "posts".* FROM "posts"
  Rendered posts/index.html.erb within layouts/application (2.3ms)
Completed 200 OK in 179ms (Views: 178.2ms | ActiveRecord: 0.2ms)


Started GET "/assets/posts.self-e3b0c44298fc1c149afbf4c8996fb92427ae41e4649b934ca495991b7852b855.css?body=1" for ::1 at 2016-05-25 17:21:53 -0500


Started GET "/assets/application.self-e80e8f2318043e8af94dddc2adad5a4f09739a8ebb323b3ab31cd71d45fd9113.css?body=1" for ::1 at 2016-05-25 17:21:53 -0500


Started GET "/assets/jquery_ujs.self-8e98a7a072a6cee1372d19fff9ff3e6aa1e39a37d89d6f06861637d061113ee7.js?body=1" for ::1 at 2016-05-25 17:21:53 -0500


Started GET "/assets/jquery.self-d03a5518f45df77341bdbe6201ba3bfa547ebba8ed64f0ea56bfa5f96ea7c074.js?body=1" for ::1 at 2016-05-25 17:21:53 -0500


Started GET "/assets/application.self-3b8dabdc891efe46b9a144b400ad69e37d7e5876bdc39dee783419a69d7ca819.js?body=1" for ::1 at 2016-05-25 17:21:53 -0500


Started GET "/assets/turbolinks.self-c37727e9bd6b2735da5c311aa83fead54ed0be6cc8bd9a65309e9c5abe2cbfff.js?body=1" for ::1 at 2016-05-25 17:21:53 -0500


Started GET "/assets/posts.self-877aef30ae1b040ab8a3aba4e3e309a11d7f2612f44dde450b5c157aa5f95c05.js?body=1" for ::1 at 2016-05-25 17:21:53 -0500


Started GET "/" for ::1 at 2016-05-25 17:21:57 -0500
Processing by PostsController#index as HTML
  [1m[36mPost Load (0.2ms)[0m  [1mSELECT "posts".* FROM "posts"[0m
  Rendered posts/index.html.erb within layouts/application (1.6ms)
Completed 200 OK in 46ms (Views: 44.6ms | ActiveRecord: 0.2ms)


Started GET "/assets/posts.self-e3b0c44298fc1c149afbf4c8996fb92427ae41e4649b934ca495991b7852b855.css?body=1" for ::1 at 2016-05-25 17:21:57 -0500


Started GET "/assets/application.self-e80e8f2318043e8af94dddc2adad5a4f09739a8ebb323b3ab31cd71d45fd9113.css?body=1" for ::1 at 2016-05-25 17:21:57 -0500


Started GET "/assets/jquery_ujs.self-8e98a7a072a6cee1372d19fff9ff3e6aa1e39a37d89d6f06861637d061113ee7.js?body=1" for ::1 at 2016-05-25 17:21:57 -0500


Started GET "/assets/jquery.self-d03a5518f45df77341bdbe6201ba3bfa547ebba8ed64f0ea56bfa5f96ea7c074.js?body=1" for ::1 at 2016-05-25 17:21:57 -0500


Started GET "/assets/posts.self-877aef30ae1b040ab8a3aba4e3e309a11d7f2612f44dde450b5c157aa5f95c05.js?body=1" for ::1 at 2016-05-25 17:21:58 -0500


Started GET "/assets/application.self-3b8dabdc891efe46b9a144b400ad69e37d7e5876bdc39dee783419a69d7ca819.js?body=1" for ::1 at 2016-05-25 17:21:58 -0500


Started GET "/assets/turbolinks.self-c37727e9bd6b2735da5c311aa83fead54ed0be6cc8bd9a65309e9c5abe2cbfff.js?body=1" for ::1 at 2016-05-25 17:21:58 -0500


Started GET "/" for ::1 at 2016-05-25 17:23:01 -0500
Processing by PostsController#index as HTML
  [1m[35mPost Load (0.3ms)[0m  SELECT "posts".* FROM "posts"
  Rendered posts/index.html.erb within layouts/application (2.0ms)
Completed 200 OK in 223ms (Views: 222.1ms | ActiveRecord: 0.3ms)


Started GET "/assets/posts.self-e3b0c44298fc1c149afbf4c8996fb92427ae41e4649b934ca495991b7852b855.css?body=1" for ::1 at 2016-05-25 17:23:01 -0500


Started GET "/assets/jquery_ujs.self-8e98a7a072a6cee1372d19fff9ff3e6aa1e39a37d89d6f06861637d061113ee7.js?body=1" for ::1 at 2016-05-25 17:23:01 -0500


Started GET "/assets/jquery.self-d03a5518f45df77341bdbe6201ba3bfa547ebba8ed64f0ea56bfa5f96ea7c074.js?body=1" for ::1 at 2016-05-25 17:23:01 -0500


Started GET "/assets/application.self-ae980967c65663fd2cafbb6be655aca43f19b052e3a56b365ada1910c7ac42fd.css?body=1" for ::1 at 2016-05-25 17:23:01 -0500


Started GET "/assets/posts.self-877aef30ae1b040ab8a3aba4e3e309a11d7f2612f44dde450b5c157aa5f95c05.js?body=1" for ::1 at 2016-05-25 17:23:01 -0500


Started GET "/assets/turbolinks.self-c37727e9bd6b2735da5c311aa83fead54ed0be6cc8bd9a65309e9c5abe2cbfff.js?body=1" for ::1 at 2016-05-25 17:23:01 -0500


Started GET "/assets/application.self-3b8dabdc891efe46b9a144b400ad69e37d7e5876bdc39dee783419a69d7ca819.js?body=1" for ::1 at 2016-05-25 17:23:01 -0500


Started POST "/posts" for ::1 at 2016-05-25 17:23:04 -0500
Processing by PostsController#create as HTML
  Parameters: {"utf8"=>"✓", "authenticity_token"=>"mrHaTzE0f1RMgoAk3XyBSjYQjCb1jolx9hBkGmSbVL0S/C6LSFN+/EYuAfHdbD7sHBLRwySQRyc3UMheqI1NLA==", "post"=>{"comment"=>""}, "commit"=>"post"}
  [1m[36m (0.1ms)[0m  [1mbegin transaction[0m
  [1m[35mSQL (22.9ms)[0m  INSERT INTO "posts" ("comment", "created_at", "updated_at") VALUES (?, ?, ?)  [["comment", ""], ["created_at", "2016-05-25 22:23:04.960885"], ["updated_at", "2016-05-25 22:23:04.960885"]]
  [1m[36m (1.0ms)[0m  [1mcommit transaction[0m
Redirected to http://localhost:3000/
Completed 302 Found in 28ms (ActiveRecord: 24.0ms)


Started GET "/" for ::1 at 2016-05-25 17:23:04 -0500
Processing by PostsController#index as HTML
  [1m[35mPost Load (0.2ms)[0m  SELECT "posts".* FROM "posts"
  Rendered posts/index.html.erb within layouts/application (1.3ms)
Completed 200 OK in 37ms (Views: 36.5ms | ActiveRecord: 0.2ms)


Started GET "/" for ::1 at 2016-05-25 17:27:02 -0500
Processing by PostsController#index as HTML
  [1m[36mPost Load (1.0ms)[0m  [1mSELECT "posts".* FROM "posts"[0m
  Rendered posts/index.html.erb within layouts/application (13.0ms)
Completed 200 OK in 249ms (Views: 239.7ms | ActiveRecord: 1.0ms)


Started GET "/assets/posts.self-e3b0c44298fc1c149afbf4c8996fb92427ae41e4649b934ca495991b7852b855.css?body=1" for ::1 at 2016-05-25 17:27:02 -0500


Started GET "/assets/application.self-ae980967c65663fd2cafbb6be655aca43f19b052e3a56b365ada1910c7ac42fd.css?body=1" for ::1 at 2016-05-25 17:27:02 -0500


Started GET "/assets/jquery.self-d03a5518f45df77341bdbe6201ba3bfa547ebba8ed64f0ea56bfa5f96ea7c074.js?body=1" for ::1 at 2016-05-25 17:27:02 -0500


Started GET "/assets/application.self-3b8dabdc891efe46b9a144b400ad69e37d7e5876bdc39dee783419a69d7ca819.js?body=1" for ::1 at 2016-05-25 17:27:02 -0500


Started GET "/assets/jquery_ujs.self-8e98a7a072a6cee1372d19fff9ff3e6aa1e39a37d89d6f06861637d061113ee7.js?body=1" for ::1 at 2016-05-25 17:27:02 -0500


Started GET "/assets/posts.self-877aef30ae1b040ab8a3aba4e3e309a11d7f2612f44dde450b5c157aa5f95c05.js?body=1" for ::1 at 2016-05-25 17:27:02 -0500


Started GET "/assets/turbolinks.self-c37727e9bd6b2735da5c311aa83fead54ed0be6cc8bd9a65309e9c5abe2cbfff.js?body=1" for ::1 at 2016-05-25 17:27:02 -0500


Started GET "/" for ::1 at 2016-05-25 17:29:15 -0500
Processing by PostsController#index as HTML
  [1m[35mPost Load (0.8ms)[0m  SELECT "posts".* FROM "posts"
  Rendered posts/index.html.erb within layouts/application (13.3ms)
Completed 200 OK in 338ms (Views: 329.8ms | ActiveRecord: 0.8ms)


Started GET "/assets/posts.self-e3b0c44298fc1c149afbf4c8996fb92427ae41e4649b934ca495991b7852b855.css?body=1" for ::1 at 2016-05-25 17:29:15 -0500


Started GET "/assets/application.self-e1120b9d1cf6226a6208a83248e50ab8ca61e06421424c329d1ab0161da86202.css?body=1" for ::1 at 2016-05-25 17:29:15 -0500


Started GET "/assets/jquery.self-d03a5518f45df77341bdbe6201ba3bfa547ebba8ed64f0ea56bfa5f96ea7c074.js?body=1" for ::1 at 2016-05-25 17:29:16 -0500


Started GET "/assets/turbolinks.self-c37727e9bd6b2735da5c311aa83fead54ed0be6cc8bd9a65309e9c5abe2cbfff.js?body=1" for ::1 at 2016-05-25 17:29:16 -0500


Started GET "/assets/jquery_ujs.self-8e98a7a072a6cee1372d19fff9ff3e6aa1e39a37d89d6f06861637d061113ee7.js?body=1" for ::1 at 2016-05-25 17:29:16 -0500


Started GET "/assets/posts.self-877aef30ae1b040ab8a3aba4e3e309a11d7f2612f44dde450b5c157aa5f95c05.js?body=1" for ::1 at 2016-05-25 17:29:16 -0500


Started GET "/assets/application.self-3b8dabdc891efe46b9a144b400ad69e37d7e5876bdc39dee783419a69d7ca819.js?body=1" for ::1 at 2016-05-25 17:29:16 -0500


Started POST "/posts" for ::1 at 2016-05-25 17:29:21 -0500
Processing by PostsController#create as HTML
  Parameters: {"utf8"=>"✓", "authenticity_token"=>"XxWWhqI+HSevl7USz8TuofrVwDuz5BNMmr6dDSnnVRLXWGJC21kcj6U7NMfP1FEH0Ned3mL63Rpb/jFJ5fFMgw==", "post"=>{"comment"=>""}, "commit"=>"post"}
  [1m[36m (0.2ms)[0m  [1mbegin transaction[0m
  [1m[35mSQL (16.0ms)[0m  INSERT INTO "posts" ("comment", "created_at", "updated_at") VALUES (?, ?, ?)  [["comment", ""], ["created_at", "2016-05-25 22:29:21.053082"], ["updated_at", "2016-05-25 22:29:21.053082"]]
  [1m[36m (1.2ms)[0m  [1mcommit transaction[0m
Redirected to http://localhost:3000/
Completed 302 Found in 22ms (ActiveRecord: 17.4ms)


Started GET "/" for ::1 at 2016-05-25 17:29:21 -0500
Processing by PostsController#index as HTML
  [1m[35mPost Load (0.2ms)[0m  SELECT "posts".* FROM "posts"
  Rendered posts/index.html.erb within layouts/application (1.4ms)
Completed 200 OK in 64ms (Views: 63.6ms | ActiveRecord: 0.2ms)


Started GET "/assets/application.self-e1120b9d1cf6226a6208a83248e50ab8ca61e06421424c329d1ab0161da86202.css?body=1" for ::1 at 2016-05-25 17:29:21 -0500


Started GET "/assets/posts.self-e3b0c44298fc1c149afbf4c8996fb92427ae41e4649b934ca495991b7852b855.css?body=1" for ::1 at 2016-05-25 17:29:21 -0500


Started GET "/assets/jquery.self-d03a5518f45df77341bdbe6201ba3bfa547ebba8ed64f0ea56bfa5f96ea7c074.js?body=1" for ::1 at 2016-05-25 17:29:21 -0500


Started GET "/assets/turbolinks.self-c37727e9bd6b2735da5c311aa83fead54ed0be6cc8bd9a65309e9c5abe2cbfff.js?body=1" for ::1 at 2016-05-25 17:29:21 -0500


Started GET "/assets/jquery_ujs.self-8e98a7a072a6cee1372d19fff9ff3e6aa1e39a37d89d6f06861637d061113ee7.js?body=1" for ::1 at 2016-05-25 17:29:21 -0500


Started GET "/assets/posts.self-877aef30ae1b040ab8a3aba4e3e309a11d7f2612f44dde450b5c157aa5f95c05.js?body=1" for ::1 at 2016-05-25 17:29:21 -0500


Started GET "/assets/application.self-3b8dabdc891efe46b9a144b400ad69e37d7e5876bdc39dee783419a69d7ca819.js?body=1" for ::1 at 2016-05-25 17:29:21 -0500


Started POST "/posts" for ::1 at 2016-05-25 17:29:24 -0500
Processing by PostsController#create as HTML
  Parameters: {"utf8"=>"✓", "authenticity_token"=>"U8IIQ0MlZXrgg4blNaiVMofoXfcHV0J++ECkrAePFvvbj/yHOkJk0uovBzA1uCqUreoAEtZJjCg5AAjoy5kPag==", "post"=>{"comment"=>""}, "commit"=>"post"}
  [1m[36m (0.1ms)[0m  [1mbegin transaction[0m
  [1m[35mSQL (0.4ms)[0m  INSERT INTO "posts" ("comment", "created_at", "updated_at") VALUES (?, ?, ?)  [["comment", ""], ["created_at", "2016-05-25 22:29:24.376294"], ["updated_at", "2016-05-25 22:29:24.376294"]]
  [1m[36m (1.1ms)[0m  [1mcommit transaction[0m
Redirected to http://localhost:3000/
Completed 302 Found in 5ms (ActiveRecord: 1.6ms)


Started GET "/" for ::1 at 2016-05-25 17:29:24 -0500
Processing by PostsController#index as HTML
  [1m[35mPost Load (0.2ms)[0m  SELECT "posts".* FROM "posts"
  Rendered posts/index.html.erb within layouts/application (1.4ms)
Completed 200 OK in 55ms (Views: 53.4ms | ActiveRecord: 0.2ms)


Started GET "/assets/application.self-e1120b9d1cf6226a6208a83248e50ab8ca61e06421424c329d1ab0161da86202.css?body=1" for ::1 at 2016-05-25 17:29:24 -0500


Started GET "/assets/posts.self-e3b0c44298fc1c149afbf4c8996fb92427ae41e4649b934ca495991b7852b855.css?body=1" for ::1 at 2016-05-25 17:29:24 -0500


Started GET "/assets/turbolinks.self-c37727e9bd6b2735da5c311aa83fead54ed0be6cc8bd9a65309e9c5abe2cbfff.js?body=1" for ::1 at 2016-05-25 17:29:24 -0500


Started GET "/assets/jquery_ujs.self-8e98a7a072a6cee1372d19fff9ff3e6aa1e39a37d89d6f06861637d061113ee7.js?body=1" for ::1 at 2016-05-25 17:29:24 -0500


Started GET "/assets/posts.self-877aef30ae1b040ab8a3aba4e3e309a11d7f2612f44dde450b5c157aa5f95c05.js?body=1" for ::1 at 2016-05-25 17:29:24 -0500


Started GET "/assets/jquery.self-d03a5518f45df77341bdbe6201ba3bfa547ebba8ed64f0ea56bfa5f96ea7c074.js?body=1" for ::1 at 2016-05-25 17:29:24 -0500


Started GET "/assets/application.self-3b8dabdc891efe46b9a144b400ad69e37d7e5876bdc39dee783419a69d7ca819.js?body=1" for ::1 at 2016-05-25 17:29:24 -0500


Started GET "/" for ::1 at 2016-05-25 17:30:13 -0500
Processing by PostsController#index as HTML
  [1m[36mPost Load (0.9ms)[0m  [1mSELECT "posts".* FROM "posts"[0m
  Rendered posts/index.html.erb within layouts/application (12.1ms)
Completed 200 OK in 255ms (Views: 245.2ms | ActiveRecord: 0.9ms)


Started GET "/assets/posts.self-e3b0c44298fc1c149afbf4c8996fb92427ae41e4649b934ca495991b7852b855.css?body=1" for ::1 at 2016-05-25 17:30:14 -0500


Started GET "/assets/application.self-e5a8cc810dcd716b0080de3b1dc867a76ef776408bb016d7a24a8a9b9f473467.css?body=1" for ::1 at 2016-05-25 17:30:14 -0500


Started GET "/assets/jquery.self-d03a5518f45df77341bdbe6201ba3bfa547ebba8ed64f0ea56bfa5f96ea7c074.js?body=1" for ::1 at 2016-05-25 17:30:14 -0500


Started GET "/assets/turbolinks.self-c37727e9bd6b2735da5c311aa83fead54ed0be6cc8bd9a65309e9c5abe2cbfff.js?body=1" for ::1 at 2016-05-25 17:30:14 -0500


Started GET "/assets/jquery_ujs.self-8e98a7a072a6cee1372d19fff9ff3e6aa1e39a37d89d6f06861637d061113ee7.js?body=1" for ::1 at 2016-05-25 17:30:14 -0500


Started GET "/assets/posts.self-877aef30ae1b040ab8a3aba4e3e309a11d7f2612f44dde450b5c157aa5f95c05.js?body=1" for ::1 at 2016-05-25 17:30:14 -0500


Started GET "/assets/application.self-3b8dabdc891efe46b9a144b400ad69e37d7e5876bdc39dee783419a69d7ca819.js?body=1" for ::1 at 2016-05-25 17:30:14 -0500


Started POST "/posts" for ::1 at 2016-05-25 17:30:18 -0500
Processing by PostsController#create as HTML
  Parameters: {"utf8"=>"✓", "authenticity_token"=>"hNUjozacVXvPpL7ei2wn1XJJuKPdrNPZtNbo3MiWb8MMmNdnT/tU08UIPwuLfJhzWEvlRgyyHY91lkSYBIB2Ug==", "post"=>{"comment"=>""}, "commit"=>"post"}
  [1m[35m (0.3ms)[0m  begin transaction
  [1m[36mSQL (19.0ms)[0m  [1mINSERT INTO "posts" ("comment", "created_at", "updated_at") VALUES (?, ?, ?)[0m  [["comment", ""], ["created_at", "2016-05-25 22:30:18.218877"], ["updated_at", "2016-05-25 22:30:18.218877"]]
  [1m[35m (1.2ms)[0m  commit transaction
Redirected to http://localhost:3000/
Completed 302 Found in 30ms (ActiveRecord: 20.5ms)


Started GET "/" for ::1 at 2016-05-25 17:30:18 -0500
Processing by PostsController#index as HTML
  [1m[36mPost Load (0.4ms)[0m  [1mSELECT "posts".* FROM "posts"[0m
  Rendered posts/index.html.erb within layouts/application (47.9ms)
Completed 200 OK in 103ms (Views: 101.9ms | ActiveRecord: 0.4ms)


Started GET "/assets/posts.self-e3b0c44298fc1c149afbf4c8996fb92427ae41e4649b934ca495991b7852b855.css?body=1" for ::1 at 2016-05-25 17:30:18 -0500


Started GET "/assets/jquery.self-d03a5518f45df77341bdbe6201ba3bfa547ebba8ed64f0ea56bfa5f96ea7c074.js?body=1" for ::1 at 2016-05-25 17:30:18 -0500


Started GET "/assets/jquery_ujs.self-8e98a7a072a6cee1372d19fff9ff3e6aa1e39a37d89d6f06861637d061113ee7.js?body=1" for ::1 at 2016-05-25 17:30:18 -0500


Started GET "/assets/turbolinks.self-c37727e9bd6b2735da5c311aa83fead54ed0be6cc8bd9a65309e9c5abe2cbfff.js?body=1" for ::1 at 2016-05-25 17:30:18 -0500


Started GET "/assets/application.self-e5a8cc810dcd716b0080de3b1dc867a76ef776408bb016d7a24a8a9b9f473467.css?body=1" for ::1 at 2016-05-25 17:30:18 -0500


Started GET "/assets/posts.self-877aef30ae1b040ab8a3aba4e3e309a11d7f2612f44dde450b5c157aa5f95c05.js?body=1" for ::1 at 2016-05-25 17:30:18 -0500


Started GET "/assets/application.self-3b8dabdc891efe46b9a144b400ad69e37d7e5876bdc39dee783419a69d7ca819.js?body=1" for ::1 at 2016-05-25 17:30:18 -0500


Started GET "/" for ::1 at 2016-05-25 17:31:27 -0500
Processing by PostsController#index as HTML
  [1m[35mPost Load (0.2ms)[0m  SELECT "posts".* FROM "posts"
  Rendered posts/index.html.erb within layouts/application (2.1ms)
Completed 200 OK in 170ms (Views: 169.0ms | ActiveRecord: 0.2ms)


Started GET "/assets/posts.self-e3b0c44298fc1c149afbf4c8996fb92427ae41e4649b934ca495991b7852b855.css?body=1" for ::1 at 2016-05-25 17:31:27 -0500


Started GET "/assets/jquery.self-d03a5518f45df77341bdbe6201ba3bfa547ebba8ed64f0ea56bfa5f96ea7c074.js?body=1" for ::1 at 2016-05-25 17:31:27 -0500


Started GET "/assets/application.self-3b8dabdc891efe46b9a144b400ad69e37d7e5876bdc39dee783419a69d7ca819.js?body=1" for ::1 at 2016-05-25 17:31:27 -0500


Started GET "/assets/application.self-e5a8cc810dcd716b0080de3b1dc867a76ef776408bb016d7a24a8a9b9f473467.css?body=1" for ::1 at 2016-05-25 17:31:28 -0500


Started GET "/assets/jquery_ujs.self-8e98a7a072a6cee1372d19fff9ff3e6aa1e39a37d89d6f06861637d061113ee7.js?body=1" for ::1 at 2016-05-25 17:31:28 -0500


Started GET "/assets/posts.self-877aef30ae1b040ab8a3aba4e3e309a11d7f2612f44dde450b5c157aa5f95c05.js?body=1" for ::1 at 2016-05-25 17:31:28 -0500


Started GET "/assets/turbolinks.self-c37727e9bd6b2735da5c311aa83fead54ed0be6cc8bd9a65309e9c5abe2cbfff.js?body=1" for ::1 at 2016-05-25 17:31:28 -0500


Started POST "/posts" for ::1 at 2016-05-25 17:31:36 -0500
Processing by PostsController#create as HTML
  Parameters: {"utf8"=>"✓", "authenticity_token"=>"vyHD9Z8trUuhYFks0qNBaDD22tNIfPMpQwDrMllEa1I3bDcx5kqs46vM2PnSs/7OGvSHNpliPX+CQEd2lVJyww==", "post"=>{"comment"=>""}, "commit"=>"post"}
  [1m[36m (0.1ms)[0m  [1mbegin transaction[0m
  [1m[35mSQL (18.7ms)[0m  INSERT INTO "posts" ("comment", "created_at", "updated_at") VALUES (?, ?, ?)  [["comment", ""], ["created_at", "2016-05-25 22:31:36.201342"], ["updated_at", "2016-05-25 22:31:36.201342"]]
  [1m[36m (1.4ms)[0m  [1mcommit transaction[0m
Redirected to http://localhost:3000/
Completed 302 Found in 25ms (ActiveRecord: 20.2ms)


Started GET "/" for ::1 at 2016-05-25 17:31:36 -0500
Processing by PostsController#index as HTML
  [1m[35mPost Load (0.3ms)[0m  SELECT "posts".* FROM "posts"
  Rendered posts/index.html.erb within layouts/application (3.2ms)
Completed 200 OK in 162ms (Views: 161.2ms | ActiveRecord: 0.3ms)


Started POST "/posts" for ::1 at 2016-05-25 17:31:45 -0500
Processing by PostsController#create as HTML
  Parameters: {"utf8"=>"✓", "authenticity_token"=>"l2/ODMJp4Cymx8O2/9OpgEvoJ1RWsXKWOYJ3eQ9yIjcfIjrIuw7hhKxrQmP/wxYmYep6sYevvMD4wts9w2Q7pg==", "post"=>{"comment"=>""}, "commit"=>"post"}
  [1m[36m (0.1ms)[0m  [1mbegin transaction[0m
  [1m[35mSQL (0.5ms)[0m  INSERT INTO "posts" ("comment", "created_at", "updated_at") VALUES (?, ?, ?)  [["comment", ""], ["created_at", "2016-05-25 22:31:45.653043"], ["updated_at", "2016-05-25 22:31:45.653043"]]
  [1m[36m (1.6ms)[0m  [1mcommit transaction[0m
Redirected to http://localhost:3000/
Completed 302 Found in 6ms (ActiveRecord: 2.1ms)


Started GET "/" for ::1 at 2016-05-25 17:31:45 -0500
Processing by PostsController#index as HTML
  [1m[35mPost Load (0.2ms)[0m  SELECT "posts".* FROM "posts"
  Rendered posts/index.html.erb within layouts/application (1.8ms)
Completed 200 OK in 66ms (Views: 64.9ms | ActiveRecord: 0.2ms)


Started POST "/posts" for ::1 at 2016-05-25 17:31:59 -0500
Processing by PostsController#create as HTML
  Parameters: {"utf8"=>"✓", "authenticity_token"=>"Pe4ZKDd5qgwihgJ3VQJy4aU7qgABebrvJSxpd7g1zEG1o+3sTh6rpCgqg6JVEs1Hjzn35dBndLnkbMUzdCPV0A==", "post"=>{"comment"=>""}, "commit"=>"post"}
  [1m[36m (0.1ms)[0m  [1mbegin transaction[0m
  [1m[35mSQL (0.5ms)[0m  INSERT INTO "posts" ("comment", "created_at", "updated_at") VALUES (?, ?, ?)  [["comment", ""], ["created_at", "2016-05-25 22:31:59.954369"], ["updated_at", "2016-05-25 22:31:59.954369"]]
  [1m[36m (1.5ms)[0m  [1mcommit transaction[0m
Redirected to http://localhost:3000/
Completed 302 Found in 5ms (ActiveRecord: 2.1ms)


Started GET "/" for ::1 at 2016-05-25 17:31:59 -0500
Processing by PostsController#index as HTML
  [1m[35mPost Load (0.2ms)[0m  SELECT "posts".* FROM "posts"
  Rendered posts/index.html.erb within layouts/application (1.4ms)
Completed 200 OK in 60ms (Views: 58.5ms | ActiveRecord: 0.2ms)


Started GET "/" for ::1 at 2016-05-25 17:32:44 -0500
Processing by PostsController#index as HTML
  [1m[36mPost Load (19.4ms)[0m  [1mSELECT "posts".* FROM "posts"[0m
  Rendered posts/index.html.erb within layouts/application (20.9ms)
Completed 200 OK in 278ms (Views: 257.5ms | ActiveRecord: 19.4ms)


Started GET "/assets/application.self-80656eee45655a19633770d2f2b08f2439b3047f60781cee090e7b3111a0ed61.css?body=1" for ::1 at 2016-05-25 17:32:45 -0500


Started GET "/assets/posts.self-e3b0c44298fc1c149afbf4c8996fb92427ae41e4649b934ca495991b7852b855.css?body=1" for ::1 at 2016-05-25 17:32:45 -0500


Started GET "/assets/jquery.self-d03a5518f45df77341bdbe6201ba3bfa547ebba8ed64f0ea56bfa5f96ea7c074.js?body=1" for ::1 at 2016-05-25 17:32:45 -0500


Started GET "/assets/jquery_ujs.self-8e98a7a072a6cee1372d19fff9ff3e6aa1e39a37d89d6f06861637d061113ee7.js?body=1" for ::1 at 2016-05-25 17:32:45 -0500


Started GET "/assets/turbolinks.self-c37727e9bd6b2735da5c311aa83fead54ed0be6cc8bd9a65309e9c5abe2cbfff.js?body=1" for ::1 at 2016-05-25 17:32:45 -0500


Started GET "/assets/posts.self-877aef30ae1b040ab8a3aba4e3e309a11d7f2612f44dde450b5c157aa5f95c05.js?body=1" for ::1 at 2016-05-25 17:32:45 -0500


Started GET "/assets/application.self-3b8dabdc891efe46b9a144b400ad69e37d7e5876bdc39dee783419a69d7ca819.js?body=1" for ::1 at 2016-05-25 17:32:45 -0500


Started POST "/posts" for ::1 at 2016-05-25 17:32:49 -0500
Processing by PostsController#create as HTML
  Parameters: {"utf8"=>"✓", "authenticity_token"=>"dc6NMYRg5wQ80Wt2F2Ad5YSbm3PCzIIidclwMwYER4z9g3n1/QfmrDZ96qMXcKJDrpnGlhPSTHS0idx3yhJeHQ==", "post"=>{"comment"=>""}, "commit"=>"post"}
  [1m[35m (0.1ms)[0m  begin transaction
  [1m[36mSQL (42.8ms)[0m  [1mINSERT INTO "posts" ("comment", "created_at", "updated_at") VALUES (?, ?, ?)[0m  [["comment", ""], ["created_at", "2016-05-25 22:32:49.448628"], ["updated_at", "2016-05-25 22:32:49.448628"]]
  [1m[35m (1.2ms)[0m  commit transaction
Redirected to http://localhost:3000/
Completed 302 Found in 47ms (ActiveRecord: 44.1ms)


Started GET "/" for ::1 at 2016-05-25 17:32:49 -0500
Processing by PostsController#index as HTML
  [1m[36mPost Load (0.3ms)[0m  [1mSELECT "posts".* FROM "posts"[0m
  Rendered posts/index.html.erb within layouts/application (1.5ms)
Completed 200 OK in 51ms (Views: 49.7ms | ActiveRecord: 0.3ms)


Started GET "/" for ::1 at 2016-05-25 17:33:15 -0500
Processing by PostsController#index as HTML
  [1m[35mPost Load (0.2ms)[0m  SELECT "posts".* FROM "posts"
  Rendered posts/index.html.erb within layouts/application (1.6ms)
Completed 200 OK in 131ms (Views: 129.7ms | ActiveRecord: 0.2ms)


Started GET "/assets/posts.self-e3b0c44298fc1c149afbf4c8996fb92427ae41e4649b934ca495991b7852b855.css?body=1" for ::1 at 2016-05-25 17:33:16 -0500


Started GET "/assets/application.self-e5a8cc810dcd716b0080de3b1dc867a76ef776408bb016d7a24a8a9b9f473467.css?body=1" for ::1 at 2016-05-25 17:33:16 -0500


Started GET "/assets/application.self-3b8dabdc891efe46b9a144b400ad69e37d7e5876bdc39dee783419a69d7ca819.js?body=1" for ::1 at 2016-05-25 17:33:16 -0500


Started GET "/assets/jquery.self-d03a5518f45df77341bdbe6201ba3bfa547ebba8ed64f0ea56bfa5f96ea7c074.js?body=1" for ::1 at 2016-05-25 17:33:16 -0500


Started GET "/assets/jquery_ujs.self-8e98a7a072a6cee1372d19fff9ff3e6aa1e39a37d89d6f06861637d061113ee7.js?body=1" for ::1 at 2016-05-25 17:33:16 -0500


Started GET "/assets/turbolinks.self-c37727e9bd6b2735da5c311aa83fead54ed0be6cc8bd9a65309e9c5abe2cbfff.js?body=1" for ::1 at 2016-05-25 17:33:16 -0500


Started GET "/assets/posts.self-877aef30ae1b040ab8a3aba4e3e309a11d7f2612f44dde450b5c157aa5f95c05.js?body=1" for ::1 at 2016-05-25 17:33:16 -0500


Started POST "/posts" for ::1 at 2016-05-25 17:33:18 -0500
Processing by PostsController#create as HTML
  Parameters: {"utf8"=>"✓", "authenticity_token"=>"77ywdltNRcZPPD5wrhL4HlEtVnJg0WFogffoyaEee/hn8USyIipEbkWQv6WuAke4ey8Ll7HPrz5At0SNbQhiaQ==", "post"=>{"comment"=>""}, "commit"=>"post"}
  [1m[36m (0.1ms)[0m  [1mbegin transaction[0m
  [1m[35mSQL (0.3ms)[0m  INSERT INTO "posts" ("comment", "created_at", "updated_at") VALUES (?, ?, ?)  [["comment", ""], ["created_at", "2016-05-25 22:33:18.788588"], ["updated_at", "2016-05-25 22:33:18.788588"]]
  [1m[36m (1.2ms)[0m  [1mcommit transaction[0m
Redirected to http://localhost:3000/
Completed 302 Found in 4ms (ActiveRecord: 1.6ms)


Started GET "/" for ::1 at 2016-05-25 17:33:18 -0500
Processing by PostsController#index as HTML
  [1m[35mPost Load (0.4ms)[0m  SELECT "posts".* FROM "posts"
  Rendered posts/index.html.erb within layouts/application (2.8ms)
Completed 200 OK in 50ms (Views: 48.7ms | ActiveRecord: 0.4ms)


Started POST "/posts" for ::1 at 2016-05-25 17:33:30 -0500
Processing by PostsController#create as HTML
  Parameters: {"utf8"=>"✓", "authenticity_token"=>"7AIpujW024R4g0F6NTWGwS5GVM5UN6m7syp8Dd/ZK4ZkT91+TNPaLHIvwK81JTlnBEQJK4UpZ+1yatBJE88yFw==", "post"=>{"comment"=>"Hi! Post on Ruby on Rails"}, "commit"=>"post"}
  [1m[36m (0.1ms)[0m  [1mbegin transaction[0m
  [1m[35mSQL (0.4ms)[0m  INSERT INTO "posts" ("comment", "created_at", "updated_at") VALUES (?, ?, ?)  [["comment", "Hi! Post on Ruby on Rails"], ["created_at", "2016-05-25 22:33:30.090065"], ["updated_at", "2016-05-25 22:33:30.090065"]]
  [1m[36m (1.1ms)[0m  [1mcommit transaction[0m
Redirected to http://localhost:3000/
Completed 302 Found in 5ms (ActiveRecord: 1.5ms)


Started GET "/" for ::1 at 2016-05-25 17:33:30 -0500
Processing by PostsController#index as HTML
  [1m[35mPost Load (0.2ms)[0m  SELECT "posts".* FROM "posts"
  Rendered posts/index.html.erb within layouts/application (1.6ms)
Completed 200 OK in 57ms (Views: 56.3ms | ActiveRecord: 0.2ms)


Started GET "/" for ::1 at 2016-05-25 17:33:36 -0500
Processing by PostsController#index as HTML
  [1m[36mPost Load (0.4ms)[0m  [1mSELECT "posts".* FROM "posts"[0m
  Rendered posts/index.html.erb within layouts/application (1.7ms)
Completed 200 OK in 55ms (Views: 54.0ms | ActiveRecord: 0.3ms)


Started GET "/assets/posts.self-e3b0c44298fc1c149afbf4c8996fb92427ae41e4649b934ca495991b7852b855.css?body=1" for ::1 at 2016-05-25 17:33:36 -0500


Started GET "/assets/application.self-e5a8cc810dcd716b0080de3b1dc867a76ef776408bb016d7a24a8a9b9f473467.css?body=1" for ::1 at 2016-05-25 17:33:36 -0500


Started GET "/assets/jquery_ujs.self-8e98a7a072a6cee1372d19fff9ff3e6aa1e39a37d89d6f06861637d061113ee7.js?body=1" for ::1 at 2016-05-25 17:33:36 -0500


Started GET "/assets/jquery.self-d03a5518f45df77341bdbe6201ba3bfa547ebba8ed64f0ea56bfa5f96ea7c074.js?body=1" for ::1 at 2016-05-25 17:33:36 -0500


Started GET "/assets/turbolinks.self-c37727e9bd6b2735da5c311aa83fead54ed0be6cc8bd9a65309e9c5abe2cbfff.js?body=1" for ::1 at 2016-05-25 17:33:36 -0500


Started GET "/assets/application.self-3b8dabdc891efe46b9a144b400ad69e37d7e5876bdc39dee783419a69d7ca819.js?body=1" for ::1 at 2016-05-25 17:33:36 -0500


Started GET "/assets/posts.self-877aef30ae1b040ab8a3aba4e3e309a11d7f2612f44dde450b5c157aa5f95c05.js?body=1" for ::1 at 2016-05-25 17:33:36 -0500
